Loading checkpoint shards:   0%|          | 0/4 [00:00<?, ?it/s]Loading checkpoint shards:  25%|██▌       | 1/4 [00:09<00:27,  9.06s/it]Loading checkpoint shards:  50%|█████     | 2/4 [00:20<00:21, 10.64s/it]Loading checkpoint shards:  75%|███████▌  | 3/4 [00:33<00:11, 11.60s/it]Loading checkpoint shards: 100%|██████████| 4/4 [00:36<00:00,  8.14s/it]Loading checkpoint shards: 100%|██████████| 4/4 [00:36<00:00,  9.10s/it]
Traceback (most recent call last):
  File "/home/khv4ky/toxicity/zeroshot_parallel_detox/embeddings/2-aya-8b.py", line 478, in <module>
    main()
  File "/home/khv4ky/toxicity/zeroshot_parallel_detox/embeddings/2-aya-8b.py", line 420, in main
    analyzer = TextAnalyzer(args.model_name, device=args.device)
  File "/home/khv4ky/toxicity/zeroshot_parallel_detox/embeddings/2-aya-8b.py", line 26, in __init__
    self.model = AutoModel.from_pretrained(model_name).to(self.device)
  File "/home/khv4ky/.conda/envs/EasyEdit/lib/python3.9/site-packages/transformers/modeling_utils.py", line 3110, in to
    return super().to(*args, **kwargs)
  File "/home/khv4ky/.conda/envs/EasyEdit/lib/python3.9/site-packages/torch/nn/modules/module.py", line 1174, in to
    return self._apply(convert)
  File "/home/khv4ky/.conda/envs/EasyEdit/lib/python3.9/site-packages/torch/nn/modules/module.py", line 780, in _apply
    module._apply(fn)
  File "/home/khv4ky/.conda/envs/EasyEdit/lib/python3.9/site-packages/torch/nn/modules/module.py", line 805, in _apply
    param_applied = fn(param)
  File "/home/khv4ky/.conda/envs/EasyEdit/lib/python3.9/site-packages/torch/nn/modules/module.py", line 1160, in convert
    return t.to(
  File "/home/khv4ky/.conda/envs/EasyEdit/lib/python3.9/site-packages/torch/cuda/__init__.py", line 314, in _lazy_init
    torch._C._cuda_init()
RuntimeError: No CUDA GPUs are available
